{
  "RSpec": {
    "coverage": {
      "/Users/ben/Projects/chitter-challenge-apprenticeships/app.rb": {
        "lines": [
          1,
          1,
          1,
          null,
          1,
          1,
          1,
          null,
          null,
          1,
          1,
          null,
          null,
          1,
          2,
          null,
          2,
          null,
          null,
          1,
          1,
          null,
          null,
          1,
          1,
          1,
          null,
          null,
          1,
          null
        ]
      },
      "/Users/ben/Projects/chitter-challenge-apprenticeships/lib/message.rb": {
        "lines": [
          1,
          null,
          1,
          1,
          4,
          4,
          null,
          0,
          null,
          null,
          4,
          10,
          null,
          null,
          1,
          4,
          4,
          null,
          0,
          null,
          null,
          4,
          null,
          null
        ]
      },
      "/Users/ben/Projects/chitter-challenge-apprenticeships/spec/features/creating_new_message_spec.rb": {
        "lines": [
          1,
          1,
          1,
          1,
          1,
          null,
          1,
          null,
          null
        ]
      },
      "/Users/ben/Projects/chitter-challenge-apprenticeships/spec/features/homepage_spec.rb": {
        "lines": [
          null,
          1,
          1,
          1,
          1,
          null,
          null
        ]
      },
      "/Users/ben/Projects/chitter-challenge-apprenticeships/spec/features/test_page_spec.rb": {
        "lines": [
          1,
          1,
          1,
          1,
          null,
          null
        ]
      },
      "/Users/ben/Projects/chitter-challenge-apprenticeships/spec/features/viewing_messages_spec.rb": {
        "lines": [
          1,
          null,
          1,
          1,
          1,
          1,
          null,
          1,
          null,
          1,
          1,
          null,
          null
        ]
      },
      "/Users/ben/Projects/chitter-challenge-apprenticeships/spec/message_spec.rb": {
        "lines": [
          1,
          1,
          1,
          null,
          null,
          null,
          1,
          1,
          null,
          1,
          null,
          1,
          1,
          null,
          null,
          null,
          null,
          1,
          1,
          1,
          null,
          1,
          null,
          null
        ]
      }
    },
    "timestamp": 1628858300
  }
}
